Build started 23/08/2013 21:05:31.
     1>Project "C:\Users\Roger\Documents\Visual Studio 2010\Projects\Proyecto2doParcial\Proyecto2doParcial\Proyecto2doParcial.vcxproj" on node 2 (rebuild target(s)).
     1>_PrepareForClean:
         Deleting file "Debug\Proyecto2doParcial.lastbuildstate".
       InitializeBuildStatus:
         Creating "Debug\Proyecto2doParcial.unsuccessfulbuild" because "AlwaysCreate" was specified.
       ClCompile:
         C:\Program Files (x86)\Microsoft Visual Studio 10.0\VC\bin\CL.exe /c /ZI /nologo /W3 /WX- /Od /Oy- /D _MBCS /Gm /EHsc /RTC1 /MDd /GS /fp:precise /Zc:wchar_t /Zc:forScope /Fo"Debug\\" /Fd"Debug\vc100.pdb" /Gd /TP /analyze- /errorReport:prompt Escena.cpp
         Escena.cpp
     1>c:\users\roger\documents\visual studio 2010\projects\proyecto2doparcial\proyecto2doparcial\escena.cpp(769): warning C4018: '<' : no coinciden signed/unsigned
       Link:
         C:\Program Files (x86)\Microsoft Visual Studio 10.0\VC\bin\link.exe /ERRORREPORT:PROMPT /OUT:"C:\Users\Roger\Documents\Visual Studio 2010\Projects\Proyecto2doParcial\Debug\Proyecto2doParcial.exe" /NOLOGO kernel32.lib user32.lib gdi32.lib winspool.lib comdlg32.lib advapi32.lib shell32.lib ole32.lib oleaut32.lib uuid.lib odbc32.lib odbccp32.lib /MANIFEST /ManifestFile:"Debug\Proyecto2doParcial.exe.intermediate.manifest" /MANIFESTUAC:"level='asInvoker' uiAccess='false'" /DEBUG /PDB:"C:\Users\Roger\Documents\Visual Studio 2010\Projects\Proyecto2doParcial\Debug\Proyecto2doParcial.pdb" /TLBID:1 /DYNAMICBASE /NXCOMPAT /IMPLIB:"C:\Users\Roger\Documents\Visual Studio 2010\Projects\Proyecto2doParcial\Debug\Proyecto2doParcial.lib" /MACHINE:X86 Debug\Escena.obj
         Proyecto2doParcial.vcxproj -> C:\Users\Roger\Documents\Visual Studio 2010\Projects\Proyecto2doParcial\Debug\Proyecto2doParcial.exe
       Manifest:
         C:\Program Files (x86)\Microsoft SDKs\Windows\v7.0A\bin\mt.exe /nologo /verbose /outputresource:"C:\Users\Roger\Documents\Visual Studio 2010\Projects\Proyecto2doParcial\Debug\Proyecto2doParcial.exe;#1" /manifest Debug\Proyecto2doParcial.exe.intermediate.manifest
       FinalizeBuildStatus:
         Deleting file "Debug\Proyecto2doParcial.unsuccessfulbuild".
         Touching "Debug\Proyecto2doParcial.lastbuildstate".
     1>Done Building Project "C:\Users\Roger\Documents\Visual Studio 2010\Projects\Proyecto2doParcial\Proyecto2doParcial\Proyecto2doParcial.vcxproj" (rebuild target(s)).

Compilación correcta.

Time Elapsed 00:00:01.03
