Build started 24/08/2013 11:18:17.
     1>Project "C:\Users\Roger\Documents\Visual Studio 2010\Projects\Proyecto2doParcial\Proyecto2doParcial\Proyecto2doParcial.vcxproj" on node 2 (build target(s)).
     1>InitializeBuildStatus:
         Creating "Release\Proyecto2doParcial.unsuccessfulbuild" because "AlwaysCreate" was specified.
       ClCompile:
         C:\Program Files (x86)\Microsoft Visual Studio 10.0\VC\bin\CL.exe /c /Zi /nologo /W3 /WX- /O2 /Oi /Oy- /GL /D _MBCS /Gm- /EHsc /MD /GS /Gy /fp:precise /Zc:wchar_t /Zc:forScope /Fo"Release\\" /Fd"Release\vc100.pdb" /Gd /TP /analyze- /errorReport:prompt Escena.cpp
         Escena.cpp
     1>Escena.cpp(907): warning C4018: '<' : no coinciden signed/unsigned
     1>Escena.cpp(1501): warning C4996: 'fopen': This function or variable may be unsafe. Consider using fopen_s instead. To disable deprecation, use _CRT_SECURE_NO_WARNINGS. See online help for details.
                 C:\Program Files (x86)\Microsoft Visual Studio 10.0\VC\include\stdio.h(234) : vea la declaración de 'fopen'
       Link:
         C:\Program Files (x86)\Microsoft Visual Studio 10.0\VC\bin\link.exe /ERRORREPORT:PROMPT /OUT:"C:\Users\Roger\Documents\Visual Studio 2010\Projects\Proyecto2doParcial\Release\Proyecto2doParcial.exe" /NOLOGO kernel32.lib user32.lib gdi32.lib winspool.lib comdlg32.lib advapi32.lib shell32.lib ole32.lib oleaut32.lib uuid.lib odbc32.lib odbccp32.lib /MANIFEST /ManifestFile:"Release\Proyecto2doParcial.exe.intermediate.manifest" /MANIFESTUAC:"level='asInvoker' uiAccess='false'" /DEBUG /PDB:"C:\Users\Roger\Documents\Visual Studio 2010\Projects\Proyecto2doParcial\Release\Proyecto2doParcial.pdb" /OPT:REF /OPT:ICF /LTCG /TLBID:1 /DYNAMICBASE /NXCOMPAT /IMPLIB:"C:\Users\Roger\Documents\Visual Studio 2010\Projects\Proyecto2doParcial\Release\Proyecto2doParcial.lib" /MACHINE:X86 Release\Escena.obj
         Generando código
         Generación de código finalizada
         Proyecto2doParcial.vcxproj -> C:\Users\Roger\Documents\Visual Studio 2010\Projects\Proyecto2doParcial\Release\Proyecto2doParcial.exe
       Manifest:
         C:\Program Files (x86)\Microsoft SDKs\Windows\v7.0A\bin\mt.exe /nologo /verbose /outputresource:"C:\Users\Roger\Documents\Visual Studio 2010\Projects\Proyecto2doParcial\Release\Proyecto2doParcial.exe;#1" /manifest Release\Proyecto2doParcial.exe.intermediate.manifest
       FinalizeBuildStatus:
         Deleting file "Release\Proyecto2doParcial.unsuccessfulbuild".
         Touching "Release\Proyecto2doParcial.lastbuildstate".
     1>Done Building Project "C:\Users\Roger\Documents\Visual Studio 2010\Projects\Proyecto2doParcial\Proyecto2doParcial\Proyecto2doParcial.vcxproj" (build target(s)).

Compilación correcta.

Time Elapsed 00:00:00.93
